<?xml version="1.0" encoding="UTF-8"?>
<testng-results ignored="0" total="2" passed="2" failed="0" skipped="0">
  <reporter-output>
  </reporter-output>
  <suite started-at="2022-11-17T21:55:39 IST" name="Default suite" finished-at="2022-11-17T21:55:39 IST" duration-ms="42">
    <groups>
    </groups>
    <test started-at="2022-11-17T21:55:39 IST" name="Default test" finished-at="2022-11-17T21:55:39 IST" duration-ms="42">
      <class name="com.softeck.Apptest">
        <test-method signature="testlogin1()[pri:0, instance:com.softeck.Apptest@6bedbc4d]" started-at="2022-11-17T21:55:39 IST" name="testlogin1" finished-at="2022-11-17T21:55:39 IST" duration-ms="12" status="PASS">
          <reporter-output>
          </reporter-output>
        </test-method> <!-- testlogin1 -->
        <test-method signature="testlogin2()[pri:0, instance:com.softeck.Apptest@6bedbc4d]" started-at="2022-11-17T21:55:39 IST" name="testlogin2" finished-at="2022-11-17T21:55:39 IST" duration-ms="1" status="PASS">
          <reporter-output>
          </reporter-output>
        </test-method> <!-- testlogin2 -->
      </class> <!-- com.softeck.Apptest -->
    </test> <!-- Default test -->
  </suite> <!-- Default suite -->
</testng-results>
